<?xml version="1.0" encoding="UTF-8"?>
<!-- Generated by org.testng.reporters.JUnitReportReporter -->
<testsuite hostname="IBM-PF41KPAC" failures="0" tests="18" name="swagLabs.Products" time="33.273" errors="0" timestamp="07 Nov 2024 18:17:48 GMT" skipped="0">
  <testcase classname="swagLabs.Products" name="products1" time="0.097"/>
  <testcase classname="swagLabs.Products" name="products2" time="0.116"/>
  <testcase classname="swagLabs.Products" name="products3" time="25.955"/>
  <testcase classname="swagLabs.Products" name="products4" time="0.387"/>
  <testcase classname="swagLabs.Products" name="products6" time="1.162"/>
  <testcase classname="swagLabs.Products" name="products7" time="0.698"/>
  <testcase classname="swagLabs.Products" name="products8" time="0.588"/>
  <testcase classname="swagLabs.Products" name="products9" time="0.137"/>
  <testcase classname="swagLabs.Products" name="products10" time="0.616"/>
  <testcase classname="swagLabs.Products" name="products11" time="0.140"/>
  <testcase classname="swagLabs.Products" name="products12" time="0.573"/>
  <testcase classname="swagLabs.Products" name="products13" time="0.125"/>
  <testcase classname="swagLabs.Products" name="products14" time="0.578"/>
  <testcase classname="swagLabs.Products" name="products15" time="0.152"/>
  <testcase classname="swagLabs.Products" name="products16" time="0.623"/>
  <testcase classname="swagLabs.Products" name="products17" time="0.140"/>
  <testcase classname="swagLabs.Products" name="products18" time="0.574"/>
  <testcase classname="swagLabs.Products" name="products19" time="0.612"/>
</testsuite> <!-- swagLabs.Products -->
