<?xml version="1.0" encoding="UTF-8"?>
<!-- Generated by org.testng.reporters.JUnitReportReporter -->
<testsuite hostname="LAPTOP-7O9ECRLE" failures="0" tests="9" name="swagLabs_Excercise_1.YourCart" time="0.753" errors="0" timestamp="2024-11-08T01:43:36 IST" skipped="0">
  <testcase classname="swagLabs_Excercise_1.YourCart" name="yourCart1" time="0.075"/>
  <system-out/>
  <testcase classname="swagLabs_Excercise_1.YourCart" name="yourCart2" time="0.065"/>
  <system-out/>
  <testcase classname="swagLabs_Excercise_1.YourCart" name="yourCart3" time="0.054"/>
  <system-out/>
  <testcase classname="swagLabs_Excercise_1.YourCart" name="yourCart4" time="0.051"/>
  <system-out/>
  <testcase classname="swagLabs_Excercise_1.YourCart" name="yourCart5" time="0.047"/>
  <system-out/>
  <testcase classname="swagLabs_Excercise_1.YourCart" name="yourCart6" time="0.046"/>
  <system-out/>
  <testcase classname="swagLabs_Excercise_1.YourCart" name="yourCart7" time="0.116"/>
  <system-out/>
  <testcase classname="swagLabs_Excercise_1.YourCart" name="yourCart8" time="0.107"/>
  <system-out/>
  <testcase classname="swagLabs_Excercise_1.YourCart" name="yourCart9" time="0.192"/>
  <system-out/>
</testsuite> <!-- swagLabs_Excercise_1.YourCart -->
