<?xml version="1.0" encoding="UTF-8"?>
<!-- Generated by org.testng.reporters.JUnitReportReporter -->
<testsuite hostname="IBM-PF41KPAC" failures="0" tests="11" name="swagLabs.Checkout" time="9.963" errors="0" timestamp="07 Nov 2024 18:09:59 GMT" skipped="0">
  <testcase classname="swagLabs.Checkout" name="checkout1" time="0.666"/>
  <testcase classname="swagLabs.Checkout" name="checkout2" time="1.523"/>
  <testcase classname="swagLabs.Checkout" name="checkout3" time="1.317"/>
  <testcase classname="swagLabs.Checkout" name="checkout4" time="1.365"/>
  <testcase classname="swagLabs.Checkout" name="checkout5" time="1.243"/>
  <testcase classname="swagLabs.Checkout" name="checkout6" time="0.848"/>
  <testcase classname="swagLabs.Checkout" name="checkout7" time="1.249"/>
  <testcase classname="swagLabs.Checkout" name="checkout9" time="0.192"/>
  <testcase classname="swagLabs.Checkout" name="checkout8" time="0.453"/>
  <testcase classname="swagLabs.Checkout" name="checkout10" time="0.968"/>
  <testcase classname="swagLabs.Checkout" name="checkout11" time="0.139"/>
</testsuite> <!-- swagLabs.Checkout -->
