<?xml version="1.0" encoding="UTF-8"?>
<!-- Generated by org.testng.reporters.JUnitReportReporter -->
<testsuite hostname="LAPTOP-7O9ECRLE" failures="0" tests="11" name="swagLabs_Excercise_1.Checkout" time="4.663" errors="0" timestamp="2024-11-08T01:42:04 IST" skipped="0">
  <testcase classname="swagLabs_Excercise_1.Checkout" name="checkout1" time="0.348"/>
  <system-out/>
  <testcase classname="swagLabs_Excercise_1.Checkout" name="checkout2" time="0.651"/>
  <system-out/>
  <testcase classname="swagLabs_Excercise_1.Checkout" name="checkout3" time="0.574"/>
  <system-out/>
  <testcase classname="swagLabs_Excercise_1.Checkout" name="checkout4" time="0.460"/>
  <system-out/>
  <testcase classname="swagLabs_Excercise_1.Checkout" name="checkout5" time="0.501"/>
  <system-out/>
  <testcase classname="swagLabs_Excercise_1.Checkout" name="checkout6" time="0.495"/>
  <system-out/>
  <testcase classname="swagLabs_Excercise_1.Checkout" name="checkout7" time="0.570"/>
  <system-out/>
  <testcase classname="swagLabs_Excercise_1.Checkout" name="checkout9" time="0.070"/>
  <system-out/>
  <testcase classname="swagLabs_Excercise_1.Checkout" name="checkout8" time="0.224"/>
  <system-out/>
  <testcase classname="swagLabs_Excercise_1.Checkout" name="checkout10" time="0.655"/>
  <system-out/>
  <testcase classname="swagLabs_Excercise_1.Checkout" name="checkout11" time="0.115"/>
  <system-out/>
</testsuite> <!-- swagLabs_Excercise_1.Checkout -->
